{"time":"2025-12-10T12:58:13.669673281+05:30","level":"INFO","msg":"Starting NMS Lite Server","version":"1.0.0","host":"0.0.0.0","port":8080}
2025/12/10 12:58:13 goose: no migrations to run. current version: 20251210130000
{"time":"2025-12-10T12:58:13.689678234+05:30","level":"INFO","msg":"HTTP server listening","addr":"0.0.0.0:8080"}
{"time":"2025-12-10T12:58:27.897021565+05:30","level":"INFO","msg":"Request completed","request_id":"8cd048ea-8f49-4f12-9eb9-1620be1840b3","method":"POST","path":"/api/v1/login","status":200,"duration_ms":0,"user":"","ip":"[::1]:46800"}
{"time":"2025-12-10T12:58:27.909635095+05:30","level":"INFO","msg":"Request completed","request_id":"9c10bc41-24db-4818-8c61-89abd4eda924","method":"GET","path":"/api/v1/credentials","status":200,"duration_ms":1,"user":"","ip":"[::1]:46810"}
{"time":"2025-12-10T12:58:27.948849976+05:30","level":"INFO","msg":"Request completed","request_id":"8d6a0e04-8630-4532-9d21-5565aa7f44e8","method":"POST","path":"/api/v1/discoveries","status":201,"duration_ms":29,"user":"","ip":"[::1]:46820"}
{"time":"2025-12-10T12:58:27.966307641+05:30","level":"INFO","msg":"Request completed","request_id":"c701a6ac-f5dd-401f-bac2-60cf34d3ea09","method":"POST","path":"/api/v1/discoveries/ed73a597-a2c8-456d-bf26-740ad08a1b98/run","status":200,"duration_ms":6,"user":"","ip":"[::1]:46834"}
{"time":"2025-12-10T12:58:27.97649902+05:30","level":"INFO","msg":"Request completed","request_id":"02ff45a6-76f4-41c0-b0f8-ed50947cc880","method":"GET","path":"/api/v1/discoveries/ed73a597-a2c8-456d-bf26-740ad08a1b98/results","status":200,"duration_ms":1,"user":"","ip":"[::1]:46840"}
{"time":"2025-12-10T12:58:27.987555257+05:30","level":"INFO","msg":"Request completed","request_id":"b6728cc4-53b9-411e-b42b-c46eebd68b48","method":"GET","path":"/api/v1/monitors","status":200,"duration_ms":1,"user":"","ip":"[::1]:46850"}
{"time":"2025-12-10T13:39:07.616726367+05:30","level":"INFO","msg":"Request completed","request_id":"f1f55123-8bcd-487e-b433-821843e64957","method":"GET","path":"/ready","status":200,"duration_ms":0,"user":"","ip":"[::1]:47940"}
{"time":"2025-12-10T13:39:11.832987064+05:30","level":"INFO","msg":"Request completed","request_id":"c9b53588-f025-411b-bc6e-0b6161627559","method":"GET","path":"/health","status":200,"duration_ms":0,"user":"","ip":"[::1]:47940"}
{"time":"2025-12-10T13:39:17.474814727+05:30","level":"INFO","msg":"Request completed","request_id":"a7bace52-687b-426e-a472-985ca0328a77","method":"POST","path":"/api/v1/login","status":401,"duration_ms":0,"user":"","ip":"[::1]:47940"}
{"time":"2025-12-10T13:40:03.962983751+05:30","level":"INFO","msg":"Request completed","request_id":"c0d7d8a9-0286-4486-ba38-84abab27e1ad","method":"POST","path":"/api/v1/login","status":200,"duration_ms":0,"user":"","ip":"[::1]:34758"}
{"time":"2025-12-10T13:40:11.684693402+05:30","level":"INFO","msg":"Request completed","request_id":"c37fc8b5-567c-40db-9737-80739443409b","method":"GET","path":"/api/v1/credentials","status":401,"duration_ms":0,"user":"","ip":"[::1]:34758"}
{"time":"2025-12-10T13:46:01.093781846+05:30","level":"INFO","msg":"Request completed","request_id":"bdb8a477-68f5-4515-a972-1f5ee6799451","method":"GET","path":"/health","status":200,"duration_ms":0,"user":"","ip":"[::1]:57034"}
{"time":"2025-12-10T13:46:04.748523555+05:30","level":"INFO","msg":"Request completed","request_id":"6eabb127-c57f-4eb7-b6c2-aa27edb26156","method":"GET","path":"/ready","status":200,"duration_ms":0,"user":"","ip":"[::1]:57034"}
{"time":"2025-12-10T13:46:10.964447107+05:30","level":"INFO","msg":"Request completed","request_id":"ed78ca2b-4eb4-4b4f-ae2c-54063a7f5142","method":"GET","path":"/api/v1/credentials","status":401,"duration_ms":0,"user":"","ip":"[::1]:57034"}
{"time":"2025-12-10T13:46:34.765162458+05:30","level":"INFO","msg":"Request completed","request_id":"a9608d48-b8f9-4726-9d8a-29d7a0164144","method":"POST","path":"/api/v1/login","status":200,"duration_ms":0,"user":"","ip":"[::1]:57034"}
{"time":"2025-12-10T13:46:52.678825262+05:30","level":"INFO","msg":"Request completed","request_id":"28018429-7684-4f29-bca7-7c18620a7ba1","method":"GET","path":"/api/v1/credentials","status":200,"duration_ms":0,"user":"","ip":"[::1]:57034"}
{"time":"2025-12-10T13:47:33.852013588+05:30","level":"INFO","msg":"Request completed","request_id":"56b21de6-9b57-485f-a2f6-d8162916a973","method":"POST","path":"/api/v1/credentials","status":201,"duration_ms":2,"user":"","ip":"[::1]:41768"}
{"time":"2025-12-10T13:47:37.574303945+05:30","level":"INFO","msg":"Request completed","request_id":"1b47bd7e-aef3-4041-a4b5-2eb614d9c373","method":"POST","path":"/api/v1/credentials","status":201,"duration_ms":1,"user":"","ip":"[::1]:41768"}
{"time":"2025-12-10T13:47:41.272376356+05:30","level":"INFO","msg":"Request completed","request_id":"07544efb-2e03-4618-a488-c8ae60344aa3","method":"POST","path":"/api/v1/credentials","status":201,"duration_ms":1,"user":"","ip":"[::1]:41768"}
{"time":"2025-12-10T13:47:44.31397699+05:30","level":"INFO","msg":"Request completed","request_id":"99f876bd-f187-4fe6-b074-aee1e278841b","method":"GET","path":"/api/v1/credentials","status":200,"duration_ms":1,"user":"","ip":"[::1]:41768"}
{"time":"2025-12-10T13:48:05.196056878+05:30","level":"INFO","msg":"Request completed","request_id":"e5f124f5-fe69-485b-bc75-300f2b7c48e9","method":"GET","path":"/api/v1/credentials/edea9616-ef45-4a71-b96e-0a62045269ba","status":200,"duration_ms":0,"user":"","ip":"[::1]:41768"}
{"time":"2025-12-10T13:48:24.511967987+05:30","level":"INFO","msg":"Request completed","request_id":"4b65ea63-cdb7-4321-bb15-013ef947d125","method":"PUT","path":"/api/v1/credentials/edea9616-ef45-4a71-b96e-0a62045269ba","status":200,"duration_ms":1,"user":"","ip":"[::1]:41768"}
{"time":"2025-12-10T13:48:39.888072311+05:30","level":"INFO","msg":"Request completed","request_id":"830280b5-9a45-4ab4-8408-1ba8b89f7670","method":"GET","path":"/api/v1/credentials","status":200,"duration_ms":0,"user":"","ip":"[::1]:41768"}
{"time":"2025-12-10T13:49:04.534542646+05:30","level":"INFO","msg":"Request completed","request_id":"6af8b10c-139b-4a09-ba66-aa91645e72e8","method":"GET","path":"/api/v1/discoveries","status":200,"duration_ms":1,"user":"","ip":"[::1]:41768"}
{"time":"2025-12-10T13:50:08.64380608+05:30","level":"INFO","msg":"Request completed","request_id":"038dd935-7fcb-4dbf-b656-15bfb28b8cf9","method":"POST","path":"/api/v1/discoveries","status":201,"duration_ms":141,"user":"","ip":"[::1]:40788"}
{"time":"2025-12-10T13:50:28.942504139+05:30","level":"INFO","msg":"Request completed","request_id":"a903c701-1322-4fd8-85db-98946216b788","method":"GET","path":"/api/v1/discoveries/023639b5-cdbe-4651-a4f5-761524305903","status":200,"duration_ms":0,"user":"","ip":"[::1]:40788"}
{"time":"2025-12-10T13:50:43.418962591+05:30","level":"INFO","msg":"Request completed","request_id":"e4b596e5-76d9-4d85-ab3f-4ba596e69417","method":"GET","path":"/api/v1/discoveries/023639b5-cdbe-4651-a4f5-761524305903/results","status":200,"duration_ms":0,"user":"","ip":"[::1]:40788"}
{"time":"2025-12-10T13:50:56.775946448+05:30","level":"INFO","msg":"Request completed","request_id":"4a513b13-6c57-4221-abde-773cc6dd5f41","method":"GET","path":"/api/v1/discoveries/023639b5-cdbe-4651-a4f5-761524305903/jobs/","status":404,"duration_ms":0,"user":"","ip":"[::1]:40788"}
{"time":"2025-12-10T13:51:07.601864367+05:30","level":"INFO","msg":"Request completed","request_id":"0c17f7a8-dad0-4695-b0bb-3bc4222a6e9a","method":"GET","path":"/api/v1/monitors","status":200,"duration_ms":0,"user":"","ip":"[::1]:40788"}
{"time":"2025-12-10T13:51:30.579845167+05:30","level":"INFO","msg":"Request completed","request_id":"1cf54169-ffa5-43dd-b62c-be70c8c3a9d0","method":"GET","path":"/api/v1/protocols","status":200,"duration_ms":0,"user":"","ip":"[::1]:40788"}
{"time":"2025-12-10T13:51:40.975477655+05:30","level":"INFO","msg":"Request completed","request_id":"a06974ae-b96f-4e69-8e20-e05b5ee17ac8","method":"GET","path":"/api/v1/protocols/ssh/schema","status":200,"duration_ms":0,"user":"","ip":"[::1]:40788"}
{"time":"2025-12-10T13:52:51.144723562+05:30","level":"INFO","msg":"Shutting down server..."}
{"time":"2025-12-10T13:52:51.144829175+05:30","level":"INFO","msg":"Server stopped gracefully"}
